<?xml version="1.0" encoding="UTF-8"?>
<!-- Generated by org.testng.reporters.JUnitReportReporter -->
<testsuite hostname="localhost.localdomain" name="org.ndsc.mimicIO.mapi.AppTest" tests="1" failures="0" timestamp="10 Mar 2017 21:00:57 GMT" time="0.007" errors="0">
  <testcase name="testApp" time="0.007" classname="org.ndsc.mimicIO.mapi.AppTest"/>
</testsuite> <!-- org.ndsc.mimicIO.mapi.AppTest -->
