<?xml version="1.0" encoding="UTF-8"?>
<!-- Generated by org.testng.reporters.JUnitReportReporter -->
<testsuite hostname="localhost.localdomain" name="org.ndsc.mimicIO.zmp.AppTest" tests="1" failures="0" timestamp="10 Mar 2017 21:01:11 GMT" time="0.006" errors="0">
  <testcase name="testApp" time="0.006" classname="org.ndsc.mimicIO.zmp.AppTest"/>
</testsuite> <!-- org.ndsc.mimicIO.zmp.AppTest -->
